ISim log file
Running: /home/moro/Apuntes/EMB3/Project/GenericSlidingAverage2/GenericSlidingAverage/testbench_isim_beh.exe -intstyle ise -gui -tclbatch isim.cmd -wdb /home/moro/Apuntes/EMB3/Project/GenericSlidingAverage2/GenericSlidingAverage/testbench_isim_beh.wdb 
ISim P.20131013 (signature 0xfbc00daa)
This is a Full version of ISim.
Time resolution is 1 ps
# onerror resume
# wave add /
# run 1000 ns
Simulator is doing circuit initialization process.
Finished circuit initialization process.
# restart
# run all
Simulator is doing circuit initialization process.
Finished circuit initialization process.
Stopped at time : 339020 ns : File "/home/moro/Apuntes/EMB3/Project/GenericSlidingAverage2/GenericSlidingAverage/testbench.vhd" Line 83
# run 1.3us
# restart
# run 1.3us
Simulator is doing circuit initialization process.
Finished circuit initialization process.
# exit 0
