Release 14.7 - ngc2edif P.20131013 (lin64)
Copyright (c) 1995-2013 Xilinx, Inc.  All rights reserved.
Reading design sliding_average.ngc ...
WARNING:NetListWriters:298 - No output is written to sliding_average.xncf,
   ignored.
Processing design ...
   Preping design's networks ...
   Preping design's macros ...
  finished :Prep
Writing EDIF netlist file sliding_average.edif ...
ngc2edif: Total memory usage is 104236 kilobytes

Release 14.7 - ngc2edif P.20131013 (lin64)
Copyright (c) 1995-2013 Xilinx, Inc.  All rights reserved.
Reading design divider.ngc ...
WARNING:NetListWriters:298 - No output is written to divider.xncf, ignored.
Processing design ...
   Preping design's networks ...
   Preping design's macros ...
  finished :Prep
Writing EDIF netlist file divider.edif ...
ngc2edif: Total memory usage is 104672 kilobytes

Release 14.7 - ngc2edif P.20131013 (lin64)
Copyright (c) 1995-2013 Xilinx, Inc.  All rights reserved.
Reading design sliding_average.ngc ...
WARNING:NetListWriters:298 - No output is written to sliding_average.xncf,
   ignored.
Processing design ...
   Preping design's networks ...
   Preping design's macros ...
  finished :Prep
Writing EDIF netlist file sliding_average.edif ...
ngc2edif: Total memory usage is 104236 kilobytes

Release 14.7 - ngc2edif P.20131013 (lin64)
Copyright (c) 1995-2013 Xilinx, Inc.  All rights reserved.
Reading design divider.ngc ...
WARNING:NetListWriters:298 - No output is written to divider.xncf, ignored.
Processing design ...
   Preping design's networks ...
   Preping design's macros ...
  finished :Prep
Writing EDIF netlist file divider.edif ...
ngc2edif: Total memory usage is 104680 kilobytes

Release 14.7 - ngc2edif P.20131013 (lin64)
Copyright (c) 1995-2013 Xilinx, Inc.  All rights reserved.
Reading design sliding_average.ngc ...
WARNING:NetListWriters:298 - No output is written to sliding_average.xncf,
   ignored.
Processing design ...
   Preping design's networks ...
   Preping design's macros ...
  finished :Prep
Writing EDIF netlist file sliding_average.edif ...
ngc2edif: Total memory usage is 103836 kilobytes

Release 14.7 - ngc2edif P.20131013 (lin64)
Copyright (c) 1995-2013 Xilinx, Inc.  All rights reserved.
Reading design divider.ngc ...
WARNING:NetListWriters:298 - No output is written to divider.xncf, ignored.
Processing design ...
   Preping design's networks ...
   Preping design's macros ...
  finished :Prep
Writing EDIF netlist file divider.edif ...
ngc2edif: Total memory usage is 104680 kilobytes

