
****** PlanAhead v14.7 (64-bit)
  **** Build 321239 by xbuild on Fri Sep 27 19:24:36 MDT 2013
    ** Copyright 1986-1999, 2001-2013 Xilinx, Inc. All Rights Reserved.

INFO: [Common 17-78] Attempting to get a license: PlanAhead
INFO: [Common 17-290] Got license for PlanAhead
INFO: [Device 21-36] Loading parts and site information from /opt/Xilinx/14.7/ISE_DS/PlanAhead/data/parts/arch.xml
Parsing RTL primitives file [/opt/Xilinx/14.7/ISE_DS/PlanAhead/data/parts/xilinx/rtl/prims/rtl_prims.xml]
Finished parsing RTL primitives file [/opt/Xilinx/14.7/ISE_DS/PlanAhead/data/parts/xilinx/rtl/prims/rtl_prims.xml]
start_gui
source /home/moro/Apuntes/EMB3/Project/GenericSlidingAverage/pa.fromNcd.tcl
# create_project -name SlidingAverage -dir "/home/moro/Apuntes/EMB3/Project/GenericSlidingAverage/planAhead_run_3" -part xc6slx45fgg484-3
create_project: Time (s): cpu = 00:00:06 ; elapsed = 00:00:09 . Memory (MB): peak = 2672.027 ; gain = 24.176
# set srcset [get_property srcset [current_run -impl]]
# set_property design_mode GateLvl $srcset
# set_property edif_top_file "/home/moro/Apuntes/EMB3/Project/GenericSlidingAverage/sliding_average.ngc" [ get_property srcset [ current_run ] ]
# add_files -norecurse { {/home/moro/Apuntes/EMB3/Project/GenericSlidingAverage} {ipcore_dir} }
# add_files [list {ipcore_dir/divider.ncf}] -fileset [get_property constrset [current_run]]
# set_property target_constrs_file "sliding_average.ucf" [current_fileset -constrset]
Adding file '/home/moro/Apuntes/EMB3/Project/GenericSlidingAverage/sliding_average.ucf' to fileset 'constrs_1'
# add_files [list {sliding_average.ucf}] -fileset [get_property constrset [current_run]]
# link_design
Design is defaulting to srcset: sources_1
Design is defaulting to constrset: constrs_1
Design is defaulting to project part: xc6slx45fgg484-3
Release 14.7 - ngc2edif P.20131013 (lin64)
Copyright (c) 1995-2013 Xilinx, Inc.  All rights reserved.

Release 14.7 - ngc2edif P.20131013 (lin64)
Copyright (c) 1995-2013 Xilinx, Inc.  All rights reserved.
Reading design sliding_average.ngc ...
WARNING:NetListWriters:298 - No output is written to sliding_average.xncf,
   ignored.
Processing design ...
   Preping design's networks ...
   Preping design's macros ...
  finished :Prep
Writing EDIF netlist file sliding_average.edif ...
ngc2edif: Total memory usage is 103836 kilobytes

Parsing EDIF File [./planAhead_run_3/SlidingAverage.data/cache/sliding_average_ngc_c04eec9b.edif]
Finished Parsing EDIF File [./planAhead_run_3/SlidingAverage.data/cache/sliding_average_ngc_c04eec9b.edif]
Release 14.7 - ngc2edif P.20131013 (lin64)
Copyright (c) 1995-2013 Xilinx, Inc.  All rights reserved.

Release 14.7 - ngc2edif P.20131013 (lin64)
Copyright (c) 1995-2013 Xilinx, Inc.  All rights reserved.
Reading design divider.ngc ...
WARNING:NetListWriters:298 - No output is written to divider.xncf, ignored.
Processing design ...
   Preping design's networks ...
   Preping design's macros ...
  finished :Prep
Writing EDIF netlist file divider.edif ...
ngc2edif: Total memory usage is 104680 kilobytes

Reading core file '/home/moro/Apuntes/EMB3/Project/GenericSlidingAverage/ipcore_dir/divider.ngc' for (cell view 'divider', library 'sliding_average_lib', file 'sliding_average.ngc')
Parsing EDIF File [./planAhead_run_3/SlidingAverage.data/cache/divider_ngc_f7345a20.edif]
Finished Parsing EDIF File [./planAhead_run_3/SlidingAverage.data/cache/divider_ngc_f7345a20.edif]
Loading clock regions from /opt/Xilinx/14.7/ISE_DS/PlanAhead/data/parts/xilinx/spartan6/spartan6lx/xc6slx45/ClockRegion.xml
Loading clock buffers from /opt/Xilinx/14.7/ISE_DS/PlanAhead/data/parts/xilinx/spartan6/spartan6lx/xc6slx45/ClockBuffers.xml
Loading package pin functions from /opt/Xilinx/14.7/ISE_DS/PlanAhead/data/parts/xilinx/spartan6/PinFunctions.xml...
Loading package from /opt/Xilinx/14.7/ISE_DS/PlanAhead/data/parts/xilinx/spartan6/spartan6lx/xc6slx45/fgg484/Package.xml
Loading io standards from /opt/Xilinx/14.7/ISE_DS/PlanAhead/data/./parts/xilinx/spartan6/IOStandards.xml
Loading device configuration modes from /opt/Xilinx/14.7/ISE_DS/PlanAhead/data/parts/xilinx/spartan6/ConfigModes.xml
Loading list of drcs for the architecture : /opt/Xilinx/14.7/ISE_DS/PlanAhead/data/./parts/xilinx/spartan6/drc.xml
Parsing UCF File [/home/moro/Apuntes/EMB3/Project/GenericSlidingAverage/ipcore_dir/divider.ncf]
Finished Parsing UCF File [/home/moro/Apuntes/EMB3/Project/GenericSlidingAverage/ipcore_dir/divider.ncf]
Parsing UCF File [/home/moro/Apuntes/EMB3/Project/GenericSlidingAverage/sliding_average.ucf]
Finished Parsing UCF File [/home/moro/Apuntes/EMB3/Project/GenericSlidingAverage/sliding_average.ucf]
INFO: [Project 1-111] Unisim Transformation Summary:
No Unisim elements were transformed.

Phase 0 | Netlist Checksum: 73d2f513
link_design: Time (s): cpu = 00:00:25 ; elapsed = 00:00:34 . Memory (MB): peak = 2820.348 ; gain = 136.305
# read_xdl -file "/home/moro/Apuntes/EMB3/Project/GenericSlidingAverage/sliding_average.ncd"
Release 14.7 - xdl P.20131013 (lin64)
Copyright (c) 1995-2013 Xilinx, Inc.  All rights reserved.

WARNING:XDL:213 - The resulting xdl output will not have LUT equation strings or RAM INIT strings.
Loading device for application Rf_Device from file '6slx45.nph' in environment /opt/Xilinx/14.7/ISE_DS/ISE/.
   "sliding_average" is an NCD, version 3.2, device xc6slx45, package fgg484, speed -3
Successfully converted design '/home/moro/Apuntes/EMB3/Project/GenericSlidingAverage/sliding_average.ncd' to '/home/moro/Apuntes/EMB3/Project/GenericSlidingAverage/sliding_average.xdl'.
INFO: [Designutils 20-669] Parsing Placement File : /home/moro/Apuntes/EMB3/Project/GenericSlidingAverage/sliding_average.ncd
INFO: [Designutils 20-658] Finished Parsing Placement File : /home/moro/Apuntes/EMB3/Project/GenericSlidingAverage/sliding_average.ncd
INFO: [Designutils 20-671] Placed 639 instances
read_xdl: Time (s): cpu = 00:00:18 ; elapsed = 00:00:24 . Memory (MB): peak = 2820.348 ; gain = 0.000
# if {[catch {read_twx -name results_1 -file "/home/moro/Apuntes/EMB3/Project/GenericSlidingAverage/sliding_average.twx"} eInfo]} {
#    puts "WARNING: there was a problem importing \"/home/moro/Apuntes/EMB3/Project/GenericSlidingAverage/sliding_average.twx\": $eInfo"
# }
exit
ERROR: [Common 17-39] 'stop_gui' failed due to earlier errors.
INFO: [Common 17-206] Exiting PlanAhead at Tue Mar  3 19:15:21 2015...
INFO: [Common 17-83] Releasing license: PlanAhead
